<?xml version="1.0" encoding="UTF-8"?>
<testsuite xmlns:xsi="http://www.w3.org/2001/XMLSchema-instance" xsi:noNamespaceSchemaLocation="https://maven.apache.org/surefire/maven-surefire-plugin/xsd/surefire-test-report-3.0.xsd" version="3.0" name="com.backend.padinfo_backend.PadinfoBackendApplicationTests" time="27.35" tests="1" errors="0" skipped="0" failures="0">
  <properties>
[...]
</properties>
  <testcase name="contextLoads" classname="com.backend.padinfo_backend.PadinfoBackendApplicationTests" time="0.028">
    <system-out><![CDATA[12:11:56.336 [main] INFO org.springframework.test.context.support.AnnotationConfigContextLoaderUtils -- Could not detect default configuration classes for test class [com.backend.padinfo_backend.PadinfoBackendApplicationTests]: PadinfoBackendApplicationTests does not declare any static, non-private, non-final, nested classes annotated with @Configuration.
12:11:56.574 [main] INFO org.springframework.boot.test.context.SpringBootTestContextBootstrapper -- Found @SpringBootConfiguration com.backend.padinfo_backend.PadinfoBackendApplication for test class com.backend.padinfo_backend.PadinfoBackendApplicationTests
12:11:56.902 [main] INFO org.springframework.boot.devtools.restart.RestartApplicationListener -- Restart disabled due to context in which it is running
12:11:56,073 |-INFO in ch.qos.logback.classic.LoggerContext[default] - This is logback-classic version 1.4.14
12:11:56,078 |-INFO in ch.qos.logback.classic.util.ContextInitializer@4d84049a - Here is a list of configurators discovered as a service, by rank: 
12:11:56,078 |-INFO in ch.qos.logback.classic.util.ContextInitializer@4d84049a -   org.springframework.boot.logging.logback.RootLogLevelConfigurator
12:11:56,078 |-INFO in ch.qos.logback.classic.util.ContextInitializer@4d84049a - They will be invoked in order until ExecutionStatus.DO_NOT_INVOKE_NEXT_IF_ANY is returned.
12:11:56,078 |-INFO in ch.qos.logback.classic.util.ContextInitializer@4d84049a - Constructed configurator of type class org.springframework.boot.logging.logback.RootLogLevelConfigurator
12:11:56,085 |-INFO in ch.qos.logback.classic.util.ContextInitializer@4d84049a - org.springframework.boot.logging.logback.RootLogLevelConfigurator.configure() call lasted 1 milliseconds. ExecutionStatus=INVOKE_NEXT_IF_ANY
12:11:56,085 |-INFO in ch.qos.logback.classic.util.ContextInitializer@4d84049a - Trying to configure with ch.qos.logback.classic.joran.SerializedModelConfigurator
12:11:56,087 |-INFO in ch.qos.logback.classic.util.ContextInitializer@4d84049a - Constructed configurator of type class ch.qos.logback.classic.joran.SerializedModelConfigurator
12:11:56,088 |-INFO in ch.qos.logback.classic.LoggerContext[default] - Could NOT find resource [logback-test.scmo]
12:11:56,088 |-INFO in ch.qos.logback.classic.LoggerContext[default] - Could NOT find resource [logback.scmo]
12:11:56,088 |-INFO in ch.qos.logback.classic.util.ContextInitializer@4d84049a - ch.qos.logback.classic.joran.SerializedModelConfigurator.configure() call lasted 1 milliseconds. ExecutionStatus=INVOKE_NEXT_IF_ANY
12:11:56,088 |-INFO in ch.qos.logback.classic.util.ContextInitializer@4d84049a - Trying to configure with ch.qos.logback.classic.util.DefaultJoranConfigurator
12:11:56,089 |-INFO in ch.qos.logback.classic.util.ContextInitializer@4d84049a - Constructed configurator of type class ch.qos.logback.classic.util.DefaultJoranConfigurator
12:11:56,090 |-INFO in ch.qos.logback.classic.LoggerContext[default] - Could NOT find resource [logback-test.xml]
12:11:56,090 |-INFO in ch.qos.logback.classic.LoggerContext[default] - Could NOT find resource [logback.xml]
12:11:56,090 |-INFO in ch.qos.logback.classic.util.ContextInitializer@4d84049a - ch.qos.logback.classic.util.DefaultJoranConfigurator.configure() call lasted 1 milliseconds. ExecutionStatus=INVOKE_NEXT_IF_ANY
12:11:56,090 |-INFO in ch.qos.logback.classic.util.ContextInitializer@4d84049a - Trying to configure with ch.qos.logback.classic.BasicConfigurator
12:11:56,093 |-INFO in ch.qos.logback.classic.util.ContextInitializer@4d84049a - Constructed configurator of type class ch.qos.logback.classic.BasicConfigurator
12:11:56,093 |-INFO in ch.qos.logback.classic.BasicConfigurator@39ee94de - Setting up default configuration.
12:11:56,114 |-INFO in ch.qos.logback.classic.util.ContextInitializer@4d84049a - ch.qos.logback.classic.BasicConfigurator.configure() call lasted 21 milliseconds. ExecutionStatus=NEUTRAL
12:11:57,307 |-INFO in ch.qos.logback.core.joran.util.ConfigurationWatchListUtil@642857e0 - Adding [jar:file:/C:/Users/Usuario/.m2/repository/org/springframework/boot/spring-boot/3.2.5/spring-boot-3.2.5.jar!/org/springframework/boot/logging/logback/defaults.xml] to configuration watch list.
12:11:57,307 |-INFO in ch.qos.logback.core.joran.spi.ConfigurationWatchList@4c6b4ed7 - URL [jar:file:/C:/Users/Usuario/.m2/repository/org/springframework/boot/spring-boot/3.2.5/spring-boot-3.2.5.jar!/org/springframework/boot/logging/logback/defaults.xml] is not of type file
12:11:57,310 |-INFO in ch.qos.logback.core.joran.action.ConversionRuleAction - registering conversion word applicationName with class [org.springframework.boot.logging.logback.ApplicationNameConverter]
12:11:57,310 |-INFO in ch.qos.logback.core.joran.action.ConversionRuleAction - registering conversion word clr with class [org.springframework.boot.logging.logback.ColorConverter]
12:11:57,310 |-INFO in ch.qos.logback.core.joran.action.ConversionRuleAction - registering conversion word correlationId with class [org.springframework.boot.logging.logback.CorrelationIdConverter]
12:11:57,310 |-INFO in ch.qos.logback.core.joran.action.ConversionRuleAction - registering conversion word wex with class [org.springframework.boot.logging.logback.WhitespaceThrowableProxyConverter]
12:11:57,310 |-INFO in ch.qos.logback.core.joran.action.ConversionRuleAction - registering conversion word wEx with class [org.springframework.boot.logging.logback.ExtendedWhitespaceThrowableProxyConverter]
12:11:57,368 |-INFO in ch.qos.logback.classic.model.processor.LoggerModelHandler - Setting level of logger [org.apache.catalina.startup.DigesterFactory] to ERROR
12:11:57,368 |-INFO in ch.qos.logback.classic.jul.LevelChangePropagator@21263314 - Propagating ERROR level on Logger[org.apache.catalina.startup.DigesterFactory] onto the JUL framework
12:11:57,368 |-INFO in ch.qos.logback.classic.model.processor.LoggerModelHandler - Setting level of logger [org.apache.catalina.util.LifecycleBase] to ERROR
12:11:57,368 |-INFO in ch.qos.logback.classic.jul.LevelChangePropagator@21263314 - Propagating ERROR level on Logger[org.apache.catalina.util.LifecycleBase] onto the JUL framework
12:11:57,369 |-INFO in ch.qos.logback.classic.model.processor.LoggerModelHandler - Setting level of logger [org.apache.coyote.http11.Http11NioProtocol] to WARN
12:11:57,369 |-INFO in ch.qos.logback.classic.jul.LevelChangePropagator@21263314 - Propagating WARN level on Logger[org.apache.coyote.http11.Http11NioProtocol] onto the JUL framework
12:11:57,369 |-INFO in ch.qos.logback.classic.model.processor.LoggerModelHandler - Setting level of logger [org.apache.sshd.common.util.SecurityUtils] to WARN
12:11:57,369 |-INFO in ch.qos.logback.classic.jul.LevelChangePropagator@21263314 - Propagating WARN level on Logger[org.apache.sshd.common.util.SecurityUtils] onto the JUL framework
12:11:57,369 |-INFO in ch.qos.logback.classic.model.processor.LoggerModelHandler - Setting level of logger [org.apache.tomcat.util.net.NioSelectorPool] to WARN
12:11:57,369 |-INFO in ch.qos.logback.classic.jul.LevelChangePropagator@21263314 - Propagating WARN level on Logger[org.apache.tomcat.util.net.NioSelectorPool] onto the JUL framework
12:11:57,369 |-INFO in ch.qos.logback.classic.model.processor.LoggerModelHandler - Setting level of logger [org.eclipse.jetty.util.component.AbstractLifeCycle] to ERROR
12:11:57,369 |-INFO in ch.qos.logback.classic.jul.LevelChangePropagator@21263314 - Propagating ERROR level on Logger[org.eclipse.jetty.util.component.AbstractLifeCycle] onto the JUL framework
12:11:57,369 |-INFO in ch.qos.logback.classic.model.processor.LoggerModelHandler - Setting level of logger [org.hibernate.validator.internal.util.Version] to WARN
12:11:57,369 |-INFO in ch.qos.logback.classic.jul.LevelChangePropagator@21263314 - Propagating WARN level on Logger[org.hibernate.validator.internal.util.Version] onto the JUL framework
12:11:57,369 |-INFO in ch.qos.logback.classic.model.processor.LoggerModelHandler - Setting level of logger [org.springframework.boot.actuate.endpoint.jmx] to WARN
12:11:57,369 |-INFO in ch.qos.logback.classic.jul.LevelChangePropagator@21263314 - Propagating WARN level on Logger[org.springframework.boot.actuate.endpoint.jmx] onto the JUL framework
12:11:57,369 |-INFO in ch.qos.logback.core.model.processor.AppenderModelHandler - Processing appender named [Console]
12:11:57,369 |-INFO in ch.qos.logback.core.model.processor.AppenderModelHandler - About to instantiate appender of type [ch.qos.logback.core.ConsoleAppender]
12:11:57,395 |-WARN in ch.qos.logback.core.ConsoleAppender[Console] - This appender no longer admits a layout as a sub-component, set an encoder instead.
12:11:57,395 |-WARN in ch.qos.logback.core.ConsoleAppender[Console] - To ensure compatibility, wrapping your layout in LayoutWrappingEncoder.
12:11:57,395 |-WARN in ch.qos.logback.core.ConsoleAppender[Console] - See also http://logback.qos.ch/codes.html#layoutInsteadOfEncoder for details
12:11:57,395 |-INFO in ch.qos.logback.core.model.processor.AppenderModelHandler - Processing appender named [FILE]
12:11:57,395 |-INFO in ch.qos.logback.core.model.processor.AppenderModelHandler - About to instantiate appender of type [ch.qos.logback.core.rolling.RollingFileAppender]
12:11:57,405 |-INFO in ch.qos.logback.core.model.processor.ImplicitModelHandler - Assuming default type [ch.qos.logback.classic.encoder.PatternLayoutEncoder] for [encoder] property
12:11:57,413 |-INFO in c.q.l.core.rolling.TimeBasedRollingPolicy@1822624650 - No compression will be used
12:11:57,414 |-INFO in c.q.l.core.rolling.TimeBasedRollingPolicy@1822624650 - Will use the pattern /home/ubuntu/logs/padinfo_%d{yyyy-MM-dd}.log for the active file
12:11:57,418 |-INFO in c.q.l.core.rolling.DefaultTimeBasedFileNamingAndTriggeringPolicy - The date pattern is 'yyyy-MM-dd' from file name pattern '/home/ubuntu/logs/padinfo_%d{yyyy-MM-dd}.log'.
12:11:57,418 |-INFO in c.q.l.core.rolling.DefaultTimeBasedFileNamingAndTriggeringPolicy - Roll-over at midnight.
12:11:57,420 |-INFO in c.q.l.core.rolling.DefaultTimeBasedFileNamingAndTriggeringPolicy - Setting initial period to 2024-06-09T17:44:55.065Z
12:11:57,427 |-INFO in ch.qos.logback.core.rolling.RollingFileAppender[FILE] - Active log file name: /home/ubuntu/logs/padinfo.log
12:11:57,427 |-INFO in ch.qos.logback.core.rolling.RollingFileAppender[FILE] - File property is set to [/home/ubuntu/logs/padinfo.log]
12:11:57,428 |-INFO in ch.qos.logback.classic.model.processor.RootLoggerModelHandler - Setting level of ROOT logger to INFO
12:11:57,428 |-INFO in ch.qos.logback.classic.jul.LevelChangePropagator@21263314 - Propagating INFO level on Logger[ROOT] onto the JUL framework
12:11:57,429 |-INFO in ch.qos.logback.core.model.processor.AppenderRefModelHandler - Attaching appender named [FILE] to Logger[ROOT]
12:11:57,429 |-INFO in ch.qos.logback.core.model.processor.AppenderRefModelHandler - Attaching appender named [Console] to Logger[ROOT]
12:11:57,429 |-INFO in ch.qos.logback.core.model.processor.DefaultProcessor@4a92c6a9 - End of configuration.
12:11:57,429 |-INFO in org.springframework.boot.logging.logback.SpringBootJoranConfigurator@5c9934da - Registering current configuration as safe fallback point


  .   ____          _            __ _ _
 /\\ / ___'_ __ _ _(_)_ __  __ _ \ \ \ \
( ( )\___ | '_ | '_| | '_ \/ _` | \ \ \ \
 \\/  ___)| |_)| | | | | || (_| |  ) ) ) )
  '  |____| .__|_| |_|_| |_\__, | / / / /
 =========|_|==============|___/=/_/_/_/
 :: Spring Boot ::                (v3.2.5)

&amp#27;[37m2024-06-11 12:11:57,618&amp#27;[0;39m &amp#27;[34mINFO &amp#27;[0;39m [&amp#27;[34mmain&amp#27;[0;39m] &amp#27;[33mo.s.b.StartupInfoLogger&amp#27;[0;39m                         : Starting PadinfoBackendApplicationTests using Java 17 with PID 14560 (started by Usuario in C:\Users\Usuario\OneDrive\Escritorio\Proyectos_github\padinfo\backend\padinfo_backend)
&amp#27;[37m2024-06-11 12:11:57,630&amp#27;[0;39m &amp#27;[34mINFO &amp#27;[0;39m [&amp#27;[34mmain&amp#27;[0;39m] &amp#27;[33mo.s.b.SpringApplication&amp#27;[0;39m                         : No active profile set, falling back to 1 default profile: "default"
&amp#27;[37m2024-06-11 12:11:59,969&amp#27;[0;39m &amp#27;[34mINFO &amp#27;[0;39m [&amp#27;[34mmain&amp#27;[0;39m] &amp#27;[33mo.s.d.r.c.RepositoryConfigurationDelegate&amp#27;[0;39m       : Bootstrapping Spring Data JPA repositories in DEFAULT mode.
&amp#27;[37m2024-06-11 12:12:00,163&amp#27;[0;39m &amp#27;[34mINFO &amp#27;[0;39m [&amp#27;[34mmain&amp#27;[0;39m] &amp#27;[33mo.s.d.r.c.RepositoryConfigurationDelegate&amp#27;[0;39m       : Finished Spring Data repository scanning in 173 ms. Found 5 JPA repository interfaces.
&amp#27;[37m2024-06-11 12:12:01,534&amp#27;[0;39m &amp#27;[34mINFO &amp#27;[0;39m [&amp#27;[34mmain&amp#27;[0;39m] &amp#27;[33mo.h.j.i.u.LogHelper&amp#27;[0;39m                             : HHH000204: Processing PersistenceUnitInfo [name: default]
&amp#27;[37m2024-06-11 12:12:01,756&amp#27;[0;39m &amp#27;[34mINFO &amp#27;[0;39m [&amp#27;[34mmain&amp#27;[0;39m] &amp#27;[33mo.hibernate.Version&amp#27;[0;39m                             : HHH000412: Hibernate ORM core version 6.4.4.Final
&amp#27;[37m2024-06-11 12:12:01,887&amp#27;[0;39m &amp#27;[34mINFO &amp#27;[0;39m [&amp#27;[34mmain&amp#27;[0;39m] &amp#27;[33mo.h.c.i.RegionFactoryInitiator&amp#27;[0;39m                  : HHH000026: Second-level cache disabled
&amp#27;[37m2024-06-11 12:12:03,274&amp#27;[0;39m &amp#27;[34mINFO &amp#27;[0;39m [&amp#27;[34mmain&amp#27;[0;39m] &amp#27;[33mo.s.o.j.p.SpringPersistenceUnitInfo&amp#27;[0;39m             : No LoadTimeWeaver setup: ignoring JPA class transformer
&amp#27;[37m2024-06-11 12:12:03,355&amp#27;[0;39m &amp#27;[34mINFO &amp#27;[0;39m [&amp#27;[34mmain&amp#27;[0;39m] &amp#27;[33mc.z.h.HikariDataSource&amp#27;[0;39m                          : HikariPool-1 - Starting...
&amp#27;[37m2024-06-11 12:12:04,310&amp#27;[0;39m &amp#27;[34mINFO &amp#27;[0;39m [&amp#27;[34mmain&amp#27;[0;39m] &amp#27;[33mc.z.h.p.HikariPool&amp#27;[0;39m                              : HikariPool-1 - Added connection org.mariadb.jdbc.Connection@7e36d508
&amp#27;[37m2024-06-11 12:12:04,314&amp#27;[0;39m &amp#27;[34mINFO &amp#27;[0;39m [&amp#27;[34mmain&amp#27;[0;39m] &amp#27;[33mc.z.h.HikariDataSource&amp#27;[0;39m                          : HikariPool-1 - Start completed.
&amp#27;[37m2024-06-11 12:12:05,868&amp#27;[0;39m &amp#27;[34mINFO &amp#27;[0;39m [&amp#27;[34mmain&amp#27;[0;39m] &amp#27;[33mo.h.e.t.j.p.i.JtaPlatformInitiator&amp#27;[0;39m              : HHH000489: No JTA platform available (set 'hibernate.transaction.jta.platform' to enable JTA platform integration)
&amp#27;[37m2024-06-11 12:12:06,933&amp#27;[0;39m &amp#27;[39mDEBUG&amp#27;[0;39m [&amp#27;[34mmain&amp#27;[0;39m] &amp#27;[33mo.h.e.j.s.SqlStatementLogger&amp#27;[0;39m                    : create table `game` (`id` bigint not null auto_increment, `name_player1` varchar(255) not null, `name_player2` varchar(255) not null, `name_player3` varchar(255) not null, `name_player4` varchar(255) not null, `set1_points_t1` integer not null, `set1_points_t2` integer not null, `set2_points_t1` integer not null, `set2_points_t2` integer not null, `set3_points_t1` integer not null, `set3_points_t2` integer not null, `winner_team` integer not null, `user_id` bigint not null, primary key (`id`)) engine=InnoDB
&amp#27;[37m2024-06-11 12:12:07,055&amp#27;[0;39m &amp#27;[39mDEBUG&amp#27;[0;39m [&amp#27;[34mmain&amp#27;[0;39m] &amp#27;[33mo.h.e.j.s.SqlStatementLogger&amp#27;[0;39m                    : create table `player` (`id` bigint not null auto_increment, `gender` varchar(255) not null, `image_url` varchar(255) not null, `name` varchar(255) not null, `points` varchar(255) not null, `ranking_position` integer not null, primary key (`id`)) engine=InnoDB
&amp#27;[37m2024-06-11 12:12:07,177&amp#27;[0;39m &amp#27;[39mDEBUG&amp#27;[0;39m [&amp#27;[34mmain&amp#27;[0;39m] &amp#27;[33mo.h.e.j.s.SqlStatementLogger&amp#27;[0;39m                    : create table `rol` (`id` bigint not null auto_increment, `name` varchar(255), primary key (`id`)) engine=InnoDB
&amp#27;[37m2024-06-11 12:12:07,297&amp#27;[0;39m &amp#27;[39mDEBUG&amp#27;[0;39m [&amp#27;[34mmain&amp#27;[0;39m] &amp#27;[33mo.h.e.j.s.SqlStatementLogger&amp#27;[0;39m                    : create table `tournament` (`id` bigint not null auto_increment, `city` varchar(255) not null, `image_url` varchar(255) not null, `name` varchar(255) not null, primary key (`id`)) engine=InnoDB
&amp#27;[37m2024-06-11 12:12:07,416&amp#27;[0;39m &amp#27;[39mDEBUG&amp#27;[0;39m [&amp#27;[34mmain&amp#27;[0;39m] &amp#27;[33mo.h.e.j.s.SqlStatementLogger&amp#27;[0;39m                    : create table `user_role` (`user_id` bigint not null, `role_id` bigint not null) engine=InnoDB
&amp#27;[37m2024-06-11 12:12:07,540&amp#27;[0;39m &amp#27;[39mDEBUG&amp#27;[0;39m [&amp#27;[34mmain&amp#27;[0;39m] &amp#27;[33mo.h.e.j.s.SqlStatementLogger&amp#27;[0;39m                    : create table `users` (`id` bigint not null auto_increment, `email` varchar(255), `image_url` varchar(255), `is_connected` integer not null, `lastname` varchar(255), `name` varchar(255), `password` varchar(255) not null, `username` varchar(255) not null, primary key (`id`)) engine=InnoDB
&amp#27;[37m2024-06-11 12:12:07,665&amp#27;[0;39m &amp#27;[39mDEBUG&amp#27;[0;39m [&amp#27;[34mmain&amp#27;[0;39m] &amp#27;[33mo.h.e.j.s.SqlStatementLogger&amp#27;[0;39m                    : alter table if exists `users` drop index if exists UK_r43af9ap4edm43mmtq01oddj6
&amp#27;[37m2024-06-11 12:12:07,889&amp#27;[0;39m &amp#27;[39mDEBUG&amp#27;[0;39m [&amp#27;[34mmain&amp#27;[0;39m] &amp#27;[33mo.h.e.j.s.SqlStatementLogger&amp#27;[0;39m                    : alter table if exists `users` add constraint UK_r43af9ap4edm43mmtq01oddj6 unique (`username`)
&amp#27;[37m2024-06-11 12:12:08,018&amp#27;[0;39m &amp#27;[39mDEBUG&amp#27;[0;39m [&amp#27;[34mmain&amp#27;[0;39m] &amp#27;[33mo.h.e.j.s.SqlStatementLogger&amp#27;[0;39m                    : alter table if exists `game` add constraint `FKha1h3eusp0xah158fts3hw6hy` foreign key (`user_id`) references `users` (`id`)
&amp#27;[37m2024-06-11 12:12:08,161&amp#27;[0;39m &amp#27;[39mDEBUG&amp#27;[0;39m [&amp#27;[34mmain&amp#27;[0;39m] &amp#27;[33mo.h.e.j.s.SqlStatementLogger&amp#27;[0;39m                    : alter table if exists `user_role` add constraint `FKgbw7ugvky0pvoabsso7wrpif3` foreign key (`role_id`) references `rol` (`id`)
&amp#27;[37m2024-06-11 12:12:08,299&amp#27;[0;39m &amp#27;[39mDEBUG&amp#27;[0;39m [&amp#27;[34mmain&amp#27;[0;39m] &amp#27;[33mo.h.e.j.s.SqlStatementLogger&amp#27;[0;39m                    : alter table if exists `user_role` add constraint `FKpwfddxbsye75keansxohc42l` foreign key (`user_id`) references `users` (`id`)
&amp#27;[37m2024-06-11 12:12:08,442&amp#27;[0;39m &amp#27;[34mINFO &amp#27;[0;39m [&amp#27;[34mmain&amp#27;[0;39m] &amp#27;[33mo.s.o.j.AbstractEntityManagerFactoryBean&amp#27;[0;39m        : Initialized JPA EntityManagerFactory for persistence unit 'default'
&amp#27;[37m2024-06-11 12:12:09,132&amp#27;[0;39m &amp#27;[34mINFO &amp#27;[0;39m [&amp#27;[34mmain&amp#27;[0;39m] &amp#27;[33mo.s.d.j.r.q.QueryEnhancerFactory&amp#27;[0;39m                : Hibernate is in classpath; If applicable, HQL parser will be used.
&amp#27;[37m2024-06-11 12:12:09,683&amp#27;[0;39m &amp#27;[31mWARN &amp#27;[0;39m [&amp#27;[34mmain&amp#27;[0;39m] mo.s.b.a.o.j.JpaBaseConfiguration$JpaWebConfiguration&amp#27;[0;39m: spring.jpa.open-in-view is enabled by default. Therefore, database queries may be performed during view rendering. Explicitly configure spring.jpa.open-in-view to disable this warning
&amp#27;[37m2024-06-11 12:12:11,427&amp#27;[0;39m &amp#27;[34mINFO &amp#27;[0;39m [&amp#27;[34mmain&amp#27;[0;39m] &amp#27;[33mo.s.s.w.DefaultSecurityFilterChain&amp#27;[0;39m              : Will secure any request with [org.springframework.security.web.session.DisableEncodeUrlFilter@304c8f39, org.springframework.security.web.context.request.async.WebAsyncManagerIntegrationFilter@525efc8c, org.springframework.security.web.context.SecurityContextHolderFilter@384abf00, org.springframework.security.web.header.HeaderWriterFilter@adb1197, org.springframework.security.web.authentication.logout.LogoutFilter@4840e7, com.backend.padinfo_backend.Security.JwtAuthenticationFilter@7ffe0471, org.springframework.security.web.savedrequest.RequestCacheAwareFilter@27e7953b, org.springframework.security.web.servletapi.SecurityContextHolderAwareRequestFilter@53a86a22, org.springframework.security.web.authentication.AnonymousAuthenticationFilter@34634dff, org.springframework.security.web.session.SessionManagementFilter@ac94285, org.springframework.security.web.access.ExceptionTranslationFilter@b0bb7f1, org.springframework.security.web.access.intercept.AuthorizationFilter@c1dcdb9]
&amp#27;[37m2024-06-11 12:12:11,984&amp#27;[0;39m &amp#27;[39mDEBUG&amp#27;[0;39m [&amp#27;[34mmain&amp#27;[0;39m] &amp#27;[33mo.h.e.j.s.SqlStatementLogger&amp#27;[0;39m                    : select count(*) from `tournament` t1_0
&amp#27;[37m2024-06-11 12:12:12,458&amp#27;[0;39m &amp#27;[39mDEBUG&amp#27;[0;39m [&amp#27;[34mmain&amp#27;[0;39m] &amp#27;[33mo.h.e.j.s.SqlStatementLogger&amp#27;[0;39m                    : insert into `tournament` (`city`,`image_url`,`name`) values (?,?,?)
&amp#27;[37m2024-06-11 12:12:12,580&amp#27;[0;39m &amp#27;[39mDEBUG&amp#27;[0;39m [&amp#27;[34mmain&amp#27;[0;39m] &amp#27;[33mo.h.e.j.s.SqlStatementLogger&amp#27;[0;39m                    : insert into `tournament` (`city`,`image_url`,`name`) values (?,?,?)
&amp#27;[37m2024-06-11 12:12:12,689&amp#27;[0;39m &amp#27;[39mDEBUG&amp#27;[0;39m [&amp#27;[34mmain&amp#27;[0;39m] &amp#27;[33mo.h.e.j.s.SqlStatementLogger&amp#27;[0;39m                    : insert into `tournament` (`city`,`image_url`,`name`) values (?,?,?)
&amp#27;[37m2024-06-11 12:12:12,798&amp#27;[0;39m &amp#27;[39mDEBUG&amp#27;[0;39m [&amp#27;[34mmain&amp#27;[0;39m] &amp#27;[33mo.h.e.j.s.SqlStatementLogger&amp#27;[0;39m                    : insert into `tournament` (`city`,`image_url`,`name`) values (?,?,?)
&amp#27;[37m2024-06-11 12:12:12,907&amp#27;[0;39m &amp#27;[39mDEBUG&amp#27;[0;39m [&amp#27;[34mmain&amp#27;[0;39m] &amp#27;[33mo.h.e.j.s.SqlStatementLogger&amp#27;[0;39m                    : insert into `tournament` (`city`,`image_url`,`name`) values (?,?,?)
&amp#27;[37m2024-06-11 12:12:13,015&amp#27;[0;39m &amp#27;[39mDEBUG&amp#27;[0;39m [&amp#27;[34mmain&amp#27;[0;39m] &amp#27;[33mo.h.e.j.s.SqlStatementLogger&amp#27;[0;39m                    : insert into `tournament` (`city`,`image_url`,`name`) values (?,?,?)
&amp#27;[37m2024-06-11 12:12:13,124&amp#27;[0;39m &amp#27;[39mDEBUG&amp#27;[0;39m [&amp#27;[34mmain&amp#27;[0;39m] &amp#27;[33mo.h.e.j.s.SqlStatementLogger&amp#27;[0;39m                    : insert into `tournament` (`city`,`image_url`,`name`) values (?,?,?)
&amp#27;[37m2024-06-11 12:12:13,233&amp#27;[0;39m &amp#27;[39mDEBUG&amp#27;[0;39m [&amp#27;[34mmain&amp#27;[0;39m] &amp#27;[33mo.h.e.j.s.SqlStatementLogger&amp#27;[0;39m                    : insert into `tournament` (`city`,`image_url`,`name`) values (?,?,?)
&amp#27;[37m2024-06-11 12:12:13,343&amp#27;[0;39m &amp#27;[39mDEBUG&amp#27;[0;39m [&amp#27;[34mmain&amp#27;[0;39m] &amp#27;[33mo.h.e.j.s.SqlStatementLogger&amp#27;[0;39m                    : insert into `tournament` (`city`,`image_url`,`name`) values (?,?,?)
&amp#27;[37m2024-06-11 12:12:13,452&amp#27;[0;39m &amp#27;[39mDEBUG&amp#27;[0;39m [&amp#27;[34mmain&amp#27;[0;39m] &amp#27;[33mo.h.e.j.s.SqlStatementLogger&amp#27;[0;39m                    : insert into `tournament` (`city`,`image_url`,`name`) values (?,?,?)
&amp#27;[37m2024-06-11 12:12:13,561&amp#27;[0;39m &amp#27;[39mDEBUG&amp#27;[0;39m [&amp#27;[34mmain&amp#27;[0;39m] &amp#27;[33mo.h.e.j.s.SqlStatementLogger&amp#27;[0;39m                    : insert into `tournament` (`city`,`image_url`,`name`) values (?,?,?)
&amp#27;[37m2024-06-11 12:12:13,669&amp#27;[0;39m &amp#27;[39mDEBUG&amp#27;[0;39m [&amp#27;[34mmain&amp#27;[0;39m] &amp#27;[33mo.h.e.j.s.SqlStatementLogger&amp#27;[0;39m                    : insert into `tournament` (`city`,`image_url`,`name`) values (?,?,?)
&amp#27;[37m2024-06-11 12:12:13,779&amp#27;[0;39m &amp#27;[39mDEBUG&amp#27;[0;39m [&amp#27;[34mmain&amp#27;[0;39m] &amp#27;[33mo.h.e.j.s.SqlStatementLogger&amp#27;[0;39m                    : insert into `tournament` (`city`,`image_url`,`name`) values (?,?,?)
&amp#27;[37m2024-06-11 12:12:13,888&amp#27;[0;39m &amp#27;[39mDEBUG&amp#27;[0;39m [&amp#27;[34mmain&amp#27;[0;39m] &amp#27;[33mo.h.e.j.s.SqlStatementLogger&amp#27;[0;39m                    : insert into `tournament` (`city`,`image_url`,`name`) values (?,?,?)
&amp#27;[37m2024-06-11 12:12:13,997&amp#27;[0;39m &amp#27;[39mDEBUG&amp#27;[0;39m [&amp#27;[34mmain&amp#27;[0;39m] &amp#27;[33mo.h.e.j.s.SqlStatementLogger&amp#27;[0;39m                    : insert into `tournament` (`city`,`image_url`,`name`) values (?,?,?)
&amp#27;[37m2024-06-11 12:12:14,106&amp#27;[0;39m &amp#27;[39mDEBUG&amp#27;[0;39m [&amp#27;[34mmain&amp#27;[0;39m] &amp#27;[33mo.h.e.j.s.SqlStatementLogger&amp#27;[0;39m                    : insert into `tournament` (`city`,`image_url`,`name`) values (?,?,?)
&amp#27;[37m2024-06-11 12:12:14,214&amp#27;[0;39m &amp#27;[39mDEBUG&amp#27;[0;39m [&amp#27;[34mmain&amp#27;[0;39m] &amp#27;[33mo.h.e.j.s.SqlStatementLogger&amp#27;[0;39m                    : insert into `tournament` (`city`,`image_url`,`name`) values (?,?,?)
&amp#27;[37m2024-06-11 12:12:14,325&amp#27;[0;39m &amp#27;[39mDEBUG&amp#27;[0;39m [&amp#27;[34mmain&amp#27;[0;39m] &amp#27;[33mo.h.e.j.s.SqlStatementLogger&amp#27;[0;39m                    : insert into `tournament` (`city`,`image_url`,`name`) values (?,?,?)
&amp#27;[37m2024-06-11 12:12:14,434&amp#27;[0;39m &amp#27;[39mDEBUG&amp#27;[0;39m [&amp#27;[34mmain&amp#27;[0;39m] &amp#27;[33mo.h.e.j.s.SqlStatementLogger&amp#27;[0;39m                    : insert into `tournament` (`city`,`image_url`,`name`) values (?,?,?)
&amp#27;[37m2024-06-11 12:12:14,543&amp#27;[0;39m &amp#27;[39mDEBUG&amp#27;[0;39m [&amp#27;[34mmain&amp#27;[0;39m] &amp#27;[33mo.h.e.j.s.SqlStatementLogger&amp#27;[0;39m                    : insert into `tournament` (`city`,`image_url`,`name`) values (?,?,?)
&amp#27;[37m2024-06-11 12:12:14,653&amp#27;[0;39m &amp#27;[39mDEBUG&amp#27;[0;39m [&amp#27;[34mmain&amp#27;[0;39m] &amp#27;[33mo.h.e.j.s.SqlStatementLogger&amp#27;[0;39m                    : insert into `tournament` (`city`,`image_url`,`name`) values (?,?,?)
&amp#27;[37m2024-06-11 12:12:14,762&amp#27;[0;39m &amp#27;[39mDEBUG&amp#27;[0;39m [&amp#27;[34mmain&amp#27;[0;39m] &amp#27;[33mo.h.e.j.s.SqlStatementLogger&amp#27;[0;39m                    : insert into `tournament` (`city`,`image_url`,`name`) values (?,?,?)
&amp#27;[37m2024-06-11 12:12:14,871&amp#27;[0;39m &amp#27;[39mDEBUG&amp#27;[0;39m [&amp#27;[34mmain&amp#27;[0;39m] &amp#27;[33mo.h.e.j.s.SqlStatementLogger&amp#27;[0;39m                    : insert into `tournament` (`city`,`image_url`,`name`) values (?,?,?)
&amp#27;[37m2024-06-11 12:12:14,980&amp#27;[0;39m &amp#27;[39mDEBUG&amp#27;[0;39m [&amp#27;[34mmain&amp#27;[0;39m] &amp#27;[33mo.h.e.j.s.SqlStatementLogger&amp#27;[0;39m                    : insert into `tournament` (`city`,`image_url`,`name`) values (?,?,?)
&amp#27;[37m2024-06-11 12:12:15,433&amp#27;[0;39m &amp#27;[39mDEBUG&amp#27;[0;39m [&amp#27;[34mmain&amp#27;[0;39m] &amp#27;[33mo.h.e.j.s.SqlStatementLogger&amp#27;[0;39m                    : select count(*) from `player` p1_0
&amp#27;[37m2024-06-11 12:12:15,868&amp#27;[0;39m &amp#27;[39mDEBUG&amp#27;[0;39m [&amp#27;[34mmain&amp#27;[0;39m] &amp#27;[33mo.h.e.j.s.SqlStatementLogger&amp#27;[0;39m                    : insert into `player` (`gender`,`image_url`,`name`,`points`,`ranking_position`) values (?,?,?,?,?)
&amp#27;[37m2024-06-11 12:12:15,978&amp#27;[0;39m &amp#27;[39mDEBUG&amp#27;[0;39m [&amp#27;[34mmain&amp#27;[0;39m] &amp#27;[33mo.h.e.j.s.SqlStatementLogger&amp#27;[0;39m                    : insert into `player` (`gender`,`image_url`,`name`,`points`,`ranking_position`) values (?,?,?,?,?)
&amp#27;[37m2024-06-11 12:12:16,088&amp#27;[0;39m &amp#27;[39mDEBUG&amp#27;[0;39m [&amp#27;[34mmain&amp#27;[0;39m] &amp#27;[33mo.h.e.j.s.SqlStatementLogger&amp#27;[0;39m                    : insert into `player` (`gender`,`image_url`,`name`,`points`,`ranking_position`) values (?,?,?,?,?)
&amp#27;[37m2024-06-11 12:12:16,198&amp#27;[0;39m &amp#27;[39mDEBUG&amp#27;[0;39m [&amp#27;[34mmain&amp#27;[0;39m] &amp#27;[33mo.h.e.j.s.SqlStatementLogger&amp#27;[0;39m                    : insert into `player` (`gender`,`image_url`,`name`,`points`,`ranking_position`) values (?,?,?,?,?)
&amp#27;[37m2024-06-11 12:12:16,308&amp#27;[0;39m &amp#27;[39mDEBUG&amp#27;[0;39m [&amp#27;[34mmain&amp#27;[0;39m] &amp#27;[33mo.h.e.j.s.SqlStatementLogger&amp#27;[0;39m                    : insert into `player` (`gender`,`image_url`,`name`,`points`,`ranking_position`) values (?,?,?,?,?)
&amp#27;[37m2024-06-11 12:12:16,417&amp#27;[0;39m &amp#27;[39mDEBUG&amp#27;[0;39m [&amp#27;[34mmain&amp#27;[0;39m] &amp#27;[33mo.h.e.j.s.SqlStatementLogger&amp#27;[0;39m                    : insert into `player` (`gender`,`image_url`,`name`,`points`,`ranking_position`) values (?,?,?,?,?)
&amp#27;[37m2024-06-11 12:12:16,527&amp#27;[0;39m &amp#27;[39mDEBUG&amp#27;[0;39m [&amp#27;[34mmain&amp#27;[0;39m] &amp#27;[33mo.h.e.j.s.SqlStatementLogger&amp#27;[0;39m                    : insert into `player` (`gender`,`image_url`,`name`,`points`,`ranking_position`) values (?,?,?,?,?)
&amp#27;[37m2024-06-11 12:12:16,636&amp#27;[0;39m &amp#27;[39mDEBUG&amp#27;[0;39m [&amp#27;[34mmain&amp#27;[0;39m] &amp#27;[33mo.h.e.j.s.SqlStatementLogger&amp#27;[0;39m                    : insert into `player` (`gender`,`image_url`,`name`,`points`,`ranking_position`) values (?,?,?,?,?)
&amp#27;[37m2024-06-11 12:12:16,746&amp#27;[0;39m &amp#27;[39mDEBUG&amp#27;[0;39m [&amp#27;[34mmain&amp#27;[0;39m] &amp#27;[33mo.h.e.j.s.SqlStatementLogger&amp#27;[0;39m                    : insert into `player` (`gender`,`image_url`,`name`,`points`,`ranking_position`) values (?,?,?,?,?)
&amp#27;[37m2024-06-11 12:12:16,855&amp#27;[0;39m &amp#27;[39mDEBUG&amp#27;[0;39m [&amp#27;[34mmain&amp#27;[0;39m] &amp#27;[33mo.h.e.j.s.SqlStatementLogger&amp#27;[0;39m                    : insert into `player` (`gender`,`image_url`,`name`,`points`,`ranking_position`) values (?,?,?,?,?)
&amp#27;[37m2024-06-11 12:12:17,294&amp#27;[0;39m &amp#27;[39mDEBUG&amp#27;[0;39m [&amp#27;[34mmain&amp#27;[0;39m] &amp#27;[33mo.h.e.j.s.SqlStatementLogger&amp#27;[0;39m                    : select count(*) from `rol` r1_0
&amp#27;[37m2024-06-11 12:12:17,754&amp#27;[0;39m &amp#27;[39mDEBUG&amp#27;[0;39m [&amp#27;[34mmain&amp#27;[0;39m] &amp#27;[33mo.h.e.j.s.SqlStatementLogger&amp#27;[0;39m                    : select r1_0.`id`,r1_0.`name` from `rol` r1_0 where r1_0.`id`=?
&amp#27;[37m2024-06-11 12:12:17,864&amp#27;[0;39m &amp#27;[39mDEBUG&amp#27;[0;39m [&amp#27;[34mmain&amp#27;[0;39m] &amp#27;[33mo.h.e.j.s.SqlStatementLogger&amp#27;[0;39m                    : insert into `rol` (`name`) values (?)
&amp#27;[37m2024-06-11 12:12:17,979&amp#27;[0;39m &amp#27;[39mDEBUG&amp#27;[0;39m [&amp#27;[34mmain&amp#27;[0;39m] &amp#27;[33mo.h.e.j.s.SqlStatementLogger&amp#27;[0;39m                    : select r1_0.`id`,r1_0.`name` from `rol` r1_0 where r1_0.`id`=?
&amp#27;[37m2024-06-11 12:12:18,088&amp#27;[0;39m &amp#27;[39mDEBUG&amp#27;[0;39m [&amp#27;[34mmain&amp#27;[0;39m] &amp#27;[33mo.h.e.j.s.SqlStatementLogger&amp#27;[0;39m                    : insert into `rol` (`name`) values (?)
&amp#27;[37m2024-06-11 12:12:18,197&amp#27;[0;39m &amp#27;[39mDEBUG&amp#27;[0;39m [&amp#27;[34mmain&amp#27;[0;39m] &amp#27;[33mo.h.e.j.s.SqlStatementLogger&amp#27;[0;39m                    : select r1_0.`id`,r1_0.`name` from `rol` r1_0 where r1_0.`id`=?
&amp#27;[37m2024-06-11 12:12:18,307&amp#27;[0;39m &amp#27;[39mDEBUG&amp#27;[0;39m [&amp#27;[34mmain&amp#27;[0;39m] &amp#27;[33mo.h.e.j.s.SqlStatementLogger&amp#27;[0;39m                    : insert into `rol` (`name`) values (?)
&amp#27;[37m2024-06-11 12:12:18,747&amp#27;[0;39m &amp#27;[39mDEBUG&amp#27;[0;39m [&amp#27;[34mmain&amp#27;[0;39m] &amp#27;[33mo.h.e.j.s.SqlStatementLogger&amp#27;[0;39m                    : select count(*) from `users` ui1_0
&amp#27;[37m2024-06-11 12:12:19,290&amp#27;[0;39m &amp#27;[39mDEBUG&amp#27;[0;39m [&amp#27;[34mmain&amp#27;[0;39m] &amp#27;[33mo.h.e.j.s.SqlStatementLogger&amp#27;[0;39m                    : insert into `users` (`email`,`image_url`,`is_connected`,`lastname`,`name`,`password`,`username`) values (?,?,?,?,?,?,?)
&amp#27;[37m2024-06-11 12:12:19,414&amp#27;[0;39m &amp#27;[39mDEBUG&amp#27;[0;39m [&amp#27;[34mmain&amp#27;[0;39m] &amp#27;[33mo.h.e.j.s.SqlStatementLogger&amp#27;[0;39m                    : insert into `user_role` (`user_id`,`role_id`) values (?,?)
&amp#27;[37m2024-06-11 12:12:19,523&amp#27;[0;39m &amp#27;[39mDEBUG&amp#27;[0;39m [&amp#27;[34mmain&amp#27;[0;39m] &amp#27;[33mo.h.e.j.s.SqlStatementLogger&amp#27;[0;39m                    : insert into `user_role` (`user_id`,`role_id`) values (?,?)
&amp#27;[37m2024-06-11 12:12:19,633&amp#27;[0;39m &amp#27;[39mDEBUG&amp#27;[0;39m [&amp#27;[34mmain&amp#27;[0;39m] &amp#27;[33mo.h.e.j.s.SqlStatementLogger&amp#27;[0;39m                    : insert into `user_role` (`user_id`,`role_id`) values (?,?)
&amp#27;[37m2024-06-11 12:12:20,154&amp#27;[0;39m &amp#27;[39mDEBUG&amp#27;[0;39m [&amp#27;[34mmain&amp#27;[0;39m] &amp#27;[33mo.h.e.j.s.SqlStatementLogger&amp#27;[0;39m                    : insert into `users` (`email`,`image_url`,`is_connected`,`lastname`,`name`,`password`,`username`) values (?,?,?,?,?,?,?)
&amp#27;[37m2024-06-11 12:12:20,264&amp#27;[0;39m &amp#27;[39mDEBUG&amp#27;[0;39m [&amp#27;[34mmain&amp#27;[0;39m] &amp#27;[33mo.h.e.j.s.SqlStatementLogger&amp#27;[0;39m                    : insert into `user_role` (`user_id`,`role_id`) values (?,?)
&amp#27;[37m2024-06-11 12:12:20,372&amp#27;[0;39m &amp#27;[39mDEBUG&amp#27;[0;39m [&amp#27;[34mmain&amp#27;[0;39m] &amp#27;[33mo.h.e.j.s.SqlStatementLogger&amp#27;[0;39m                    : insert into `user_role` (`user_id`,`role_id`) values (?,?)
&amp#27;[37m2024-06-11 12:12:20,481&amp#27;[0;39m &amp#27;[39mDEBUG&amp#27;[0;39m [&amp#27;[34mmain&amp#27;[0;39m] &amp#27;[33mo.h.e.j.s.SqlStatementLogger&amp#27;[0;39m                    : insert into `user_role` (`user_id`,`role_id`) values (?,?)
&amp#27;[37m2024-06-11 12:12:20,996&amp#27;[0;39m &amp#27;[39mDEBUG&amp#27;[0;39m [&amp#27;[34mmain&amp#27;[0;39m] &amp#27;[33mo.h.e.j.s.SqlStatementLogger&amp#27;[0;39m                    : insert into `users` (`email`,`image_url`,`is_connected`,`lastname`,`name`,`password`,`username`) values (?,?,?,?,?,?,?)
&amp#27;[37m2024-06-11 12:12:21,106&amp#27;[0;39m &amp#27;[39mDEBUG&amp#27;[0;39m [&amp#27;[34mmain&amp#27;[0;39m] &amp#27;[33mo.h.e.j.s.SqlStatementLogger&amp#27;[0;39m                    : insert into `user_role` (`user_id`,`role_id`) values (?,?)
&amp#27;[37m2024-06-11 12:12:21,214&amp#27;[0;39m &amp#27;[39mDEBUG&amp#27;[0;39m [&amp#27;[34mmain&amp#27;[0;39m] &amp#27;[33mo.h.e.j.s.SqlStatementLogger&amp#27;[0;39m                    : insert into `user_role` (`user_id`,`role_id`) values (?,?)
&amp#27;[37m2024-06-11 12:12:21,321&amp#27;[0;39m &amp#27;[39mDEBUG&amp#27;[0;39m [&amp#27;[34mmain&amp#27;[0;39m] &amp#27;[33mo.h.e.j.s.SqlStatementLogger&amp#27;[0;39m                    : insert into `user_role` (`user_id`,`role_id`) values (?,?)
&amp#27;[37m2024-06-11 12:12:21,840&amp#27;[0;39m &amp#27;[39mDEBUG&amp#27;[0;39m [&amp#27;[34mmain&amp#27;[0;39m] &amp#27;[33mo.h.e.j.s.SqlStatementLogger&amp#27;[0;39m                    : insert into `users` (`email`,`image_url`,`is_connected`,`lastname`,`name`,`password`,`username`) values (?,?,?,?,?,?,?)
&amp#27;[37m2024-06-11 12:12:21,949&amp#27;[0;39m &amp#27;[39mDEBUG&amp#27;[0;39m [&amp#27;[34mmain&amp#27;[0;39m] &amp#27;[33mo.h.e.j.s.SqlStatementLogger&amp#27;[0;39m                    : insert into `user_role` (`user_id`,`role_id`) values (?,?)
&amp#27;[37m2024-06-11 12:12:22,058&amp#27;[0;39m &amp#27;[39mDEBUG&amp#27;[0;39m [&amp#27;[34mmain&amp#27;[0;39m] &amp#27;[33mo.h.e.j.s.SqlStatementLogger&amp#27;[0;39m                    : insert into `user_role` (`user_id`,`role_id`) values (?,?)
&amp#27;[37m2024-06-11 12:12:22,168&amp#27;[0;39m &amp#27;[39mDEBUG&amp#27;[0;39m [&amp#27;[34mmain&amp#27;[0;39m] &amp#27;[33mo.h.e.j.s.SqlStatementLogger&amp#27;[0;39m                    : insert into `user_role` (`user_id`,`role_id`) values (?,?)
&amp#27;[37m2024-06-11 12:12:23,242&amp#27;[0;39m &amp#27;[34mINFO &amp#27;[0;39m [&amp#27;[34mmain&amp#27;[0;39m] &amp#27;[33mo.s.b.StartupInfoLogger&amp#27;[0;39m                         : Started PadinfoBackendApplicationTests in 26.365 seconds (process running for 30.611)
]]></system-out>
  </testcase>
</testsuite>